<?xml version="1.0" encoding="UTF-8"?>
<testsuite xmlns:xsi="http://www.w3.org/2001/XMLSchema-instance" xsi:noNamespaceSchemaLocation="https://maven.apache.org/surefire/maven-surefire-plugin/xsd/surefire-test-report-3.0.xsd" version="3.0" name="com.projet6.PayMyBuddy.SignupControllerTest" time="0.218" tests="2" errors="0" skipped="0" failures="1">
  <properties>
[...]
</properties>
  <testcase name="testPostEndpoint" classname="com.projet6.PayMyBuddy.SignupControllerTest" time="0.005">
    <failure message="Status expected:&lt;200&gt; but was:&lt;400&gt;" type="java.lang.AssertionError"><![CDATA[java.lang.AssertionError: Status expected:<200> but was:<400>
	at org.springframework.test.util.AssertionErrors.fail(AssertionErrors.java:59)
	at org.springframework.test.util.AssertionErrors.assertEquals(AssertionErrors.java:122)
	at org.springframework.test.web.servlet.result.StatusResultMatchers.lambda$matcher$9(StatusResultMatchers.java:637)
	at org.springframework.test.web.servlet.MockMvc$1.andExpect(MockMvc.java:214)
	at com.projet6.PayMyBuddy.SignupControllerTest.testPostEndpoint(SignupControllerTest.java:37)
	at java.base/java.lang.reflect.Method.invoke(Method.java:580)
	at java.base/java.util.ArrayList.forEach(ArrayList.java:1596)
	at java.base/java.util.ArrayList.forEach(ArrayList.java:1596)
]]></failure>
    <system-out><![CDATA[2025-06-27T17:20:05.620+02:00  INFO 3660 --- [           main] t.c.s.AnnotationConfigContextLoaderUtils : Could not detect default configuration classes for test class [com.projet6.PayMyBuddy.SignupControllerTest]: SignupControllerTest does not declare any static, non-private, non-final, nested classes annotated with @Configuration.
2025-06-27T17:20:05.628+02:00  INFO 3660 --- [           main] .b.t.c.SpringBootTestContextBootstrapper : Found @SpringBootConfiguration com.projet6.PayMyBuddy.PayMyBuddyApplication for test class com.projet6.PayMyBuddy.SignupControllerTest
2025-06-27T17:20:05.632+02:00  INFO 3660 --- [           main] o.s.b.d.r.RestartApplicationListener     : Restart disabled due to context in which it is running

  .   ____          _            __ _ _
 /\\ / ___'_ __ _ _(_)_ __  __ _ \ \ \ \
( ( )\___ | '_ | '_| | '_ \/ _` | \ \ \ \
 \\/  ___)| |_)| | | | | || (_| |  ) ) ) )
  '  |____| .__|_| |_|_| |_\__, | / / / /
 =========|_|==============|___/=/_/_/_/
 :: Spring Boot ::                (v3.2.4)

2025-06-27T17:20:05.651+02:00  INFO 3660 --- [           main] c.p.PayMyBuddy.SignupControllerTest      : Starting SignupControllerTest using Java 21.0.5 with PID 3660 (started by sanch in C:\Users\sanch\Documents\Formation OC\Projets\PayMyBuddy_Clean)
2025-06-27T17:20:05.652+02:00  INFO 3660 --- [           main] c.p.PayMyBuddy.SignupControllerTest      : No active profile set, falling back to 1 default profile: "default"
2025-06-27T17:20:05.799+02:00  WARN 3660 --- [           main] .s.s.UserDetailsServiceAutoConfiguration : 

Using generated security password: bce73c13-e467-42a0-9ad3-1b91be57c4cd

This generated password is for development use only. Your security configuration must be updated before running your application in production.

2025-06-27T17:20:05.805+02:00  INFO 3660 --- [           main] o.s.s.web.DefaultSecurityFilterChain     : Will secure any request with [org.springframework.security.web.session.DisableEncodeUrlFilter@5727a03d, org.springframework.security.web.context.request.async.WebAsyncManagerIntegrationFilter@6c525ee2, org.springframework.security.web.context.SecurityContextHolderFilter@58e9cc9a, org.springframework.security.web.header.HeaderWriterFilter@469f6527, org.springframework.web.filter.CorsFilter@42bfc11f, org.springframework.security.web.csrf.CsrfFilter@4334aa1b, org.springframework.security.web.authentication.logout.LogoutFilter@2c0b29cf, org.springframework.security.web.authentication.UsernamePasswordAuthenticationFilter@7dca6126, org.springframework.security.web.authentication.ui.DefaultLoginPageGeneratingFilter@5a947fd5, org.springframework.security.web.authentication.ui.DefaultLogoutPageGeneratingFilter@194e913b, org.springframework.security.web.authentication.www.BasicAuthenticationFilter@8fa7a01, org.springframework.security.web.savedrequest.RequestCacheAwareFilter@3eebd1ee, org.springframework.security.web.servletapi.SecurityContextHolderAwareRequestFilter@671f984c, org.springframework.security.web.authentication.AnonymousAuthenticationFilter@7382ec67, org.springframework.security.web.access.ExceptionTranslationFilter@51b1039c, org.springframework.security.web.access.intercept.AuthorizationFilter@4edea211]
2025-06-27T17:20:05.808+02:00  INFO 3660 --- [           main] o.s.b.t.m.w.SpringBootMockServletContext : Initializing Spring TestDispatcherServlet ''
2025-06-27T17:20:05.809+02:00  INFO 3660 --- [           main] o.s.t.web.servlet.TestDispatcherServlet  : Initializing Servlet ''
2025-06-27T17:20:05.809+02:00  INFO 3660 --- [           main] o.s.t.web.servlet.TestDispatcherServlet  : Completed initialization in 0 ms
2025-06-27T17:20:05.813+02:00  INFO 3660 --- [           main] c.p.PayMyBuddy.SignupControllerTest      : Started SignupControllerTest in 0.182 seconds (process running for 7.201)
2025-06-27T17:20:05.817+02:00  WARN 3660 --- [           main] .w.s.m.s.DefaultHandlerExceptionResolver : Resolved [org.springframework.web.bind.MissingServletRequestParameterException: Required request parameter 'username' for method parameter type String is not present]

MockHttpServletRequest:
      HTTP Method = POST
      Request URI = /signup
       Parameters = {param1=[value1]}
          Headers = []
             Body = <no character encoding set>
    Session Attrs = {}

Handler:
             Type = com.projet6.PayMyBuddy.Controller.SignupController
           Method = com.projet6.PayMyBuddy.Controller.SignupController#processSignup(String, String, String)

Async:
    Async started = false
     Async result = null

Resolved Exception:
             Type = org.springframework.web.bind.MissingServletRequestParameterException

ModelAndView:
        View name = null
             View = null
            Model = null

FlashMap:
       Attributes = null

MockHttpServletResponse:
           Status = 400
    Error message = Required parameter 'username' is not present.
          Headers = []
     Content type = null
             Body = 
    Forwarded URL = null
   Redirected URL = null
          Cookies = []
]]></system-out>
  </testcase>
  <testcase name="testGetEndpoint" classname="com.projet6.PayMyBuddy.SignupControllerTest" time="0.014"/>
</testsuite>